G:\DirectX12CodeSamples\DirectX12CodeSamplesSolution\DirectX12UWPTwoTexture\DirectX12UWPTwoTexture\Content\SamplePixelShader.hlsl(32,18-43): warning X3206: implicit truncation of vector type
G:\DirectX12CodeSamples\DirectX12CodeSamplesSolution\DirectX12UWPTwoTexture\DirectX12UWPTwoTexture\Content\SamplePixelShader.hlsl(47,22-47): warning X3206: implicit truncation of vector type
G:\DirectX12CodeSamples\DirectX12CodeSamplesSolution\DirectX12UWPTwoTexture\DirectX12UWPTwoTexture\Content\SamplePixelShader.hlsl(47,20-72): warning X3206: implicit truncation of vector type
  
  compilation object save succeeded; see G:\DirectX12CodeSamples\DirectX12CodeSamplesSolution\x64\Release\DirectX12UWPTwoTexture\SamplePixelShader.cso
  compilation object save succeeded; see G:\DirectX12CodeSamples\DirectX12CodeSamplesSolution\x64\Release\DirectX12UWPTwoTexture\SampleVertexShader.cso
  pch.cpp
  App.cpp
  DeviceResources.cpp
  ConstantBufferViewHeapManager.cpp
  ConstantPixelShaderBufferInformation.cpp
  CustomSphere.cpp
  TextureManager.cpp
  DirectX12UWPTwoTextureMain.cpp
  Sample3DSceneRenderer.cpp
Content\TextureManager.cpp(46): warning C4267: “参数”: 从“size_t”转换到“UINT”，可能丢失数据
  正在生成代码
  All 4222 functions were compiled because no usable IPDB/IOBJ from previous compilation was found.
  已完成代码的生成
  DirectX12UWPTwoTexture.vcxproj -> G:\DirectX12CodeSamples\DirectX12CodeSamplesSolution\x64\Release\DirectX12UWPTwoTexture\DirectX12UWPTwoTexture.exe
  DirectX12UWPTwoTexture.vcxproj -> G:\DirectX12CodeSamples\DirectX12CodeSamplesSolution\x64\Release\DirectX12UWPTwoTexture\DirectX12UWPTwoTexture.pdb (Full PDB)
